<?xml version="1.0" encoding="UTF-8"?>
<!-- Generated by org.testng.reporters.JUnitXMLReporter -->
<testsuite ignored="6" hostname="LP003536" failures="0" tests="1" name="Test parallel" time="23.24" errors="0" timestamp="2023-09-11T17:42:39 IST">
  <testcase classname="Test.NCDR" name="Verify_NCDR_AboutNCDR" time="13.49"/>
  <testcase classname="Test.url" name="@BeforeTest beforetezt" time="0.0">
    <ignored/>
  </testcase> <!-- @BeforeTest beforetezt -->
  <testcase classname="Test.header" name="Verify_Tab" time="0.0">
    <ignored/>
  </testcase> <!-- Verify_Tab -->
  <testcase classname="Test.NCDR" name="VerifyandACCESS" time="0.0">
    <ignored/>
  </testcase> <!-- VerifyandACCESS -->
  <testcase classname="Test.Tab" name="Verify_Tab" time="0.0">
    <ignored/>
  </testcase> <!-- Verify_Tab -->
  <testcase classname="Test.NCDR" name="SearchOperation" time="0.0">
    <ignored/>
  </testcase> <!-- SearchOperation -->
  <testcase classname="Test.url" name="@BeforeTest beforetezt" time="0.0">
    <ignored/>
  </testcase> <!-- @BeforeTest beforetezt -->
</testsuite> <!-- Test parallel -->
