<?xml version="1.0" encoding="UTF-8"?>
<testng-results ignored="0" total="1" passed="1" failed="0" skipped="0">
  <reporter-output>
  </reporter-output>
  <suite started-at="2023-09-14T14:09:52 IST" name="Default suite" finished-at="2023-09-14T14:10:16 IST" duration-ms="23566">
    <groups>
    </groups>
    <test started-at="2023-09-14T14:09:52 IST" name="Default test" finished-at="2023-09-14T14:10:16 IST" duration-ms="23566">
      <class name="Test.footer">
        <test-method is-config="true" signature="beforetezt()[pri:0, instance:Test.footer@723e88f9]" started-at="2023-09-14T14:09:52 IST" name="beforetezt" finished-at="2023-09-14T14:10:07 IST" duration-ms="14502" status="PASS">
          <reporter-output>
          </reporter-output>
        </test-method> <!-- beforetezt -->
        <test-method signature="Verify_Tab()[pri:0, instance:Test.footer@723e88f9]" started-at="2023-09-14T14:10:07 IST" name="Verify_Tab" finished-at="2023-09-14T14:10:15 IST" duration-ms="7892" status="PASS">
          <reporter-output>
          </reporter-output>
        </test-method> <!-- Verify_Tab -->
        <test-method is-config="true" signature="aftertezt()[pri:0, instance:Test.footer@723e88f9]" started-at="2023-09-14T14:10:15 IST" name="aftertezt" finished-at="2023-09-14T14:10:16 IST" duration-ms="1047" status="PASS">
          <reporter-output>
          </reporter-output>
        </test-method> <!-- aftertezt -->
      </class> <!-- Test.footer -->
    </test> <!-- Default test -->
  </suite> <!-- Default suite -->
</testng-results>
