<?xml version="1.0" encoding="UTF-8"?>
<!-- Generated by org.testng.reporters.JUnitXMLReporter -->
<testsuite ignored="2" hostname="LP003536" failures="0" tests="1" name="Test3" time="8.12" errors="0" timestamp="2023-09-26T16:13:48 IST">
  <testcase classname="Test.NCDR" name="Verify_NCDR_AboutNCDR" time="0.0">
    <skipped/>
  </testcase> <!-- Verify_NCDR_AboutNCDR -->
  <testcase classname="Test.NCDR" name="SearchOperation" time="0.0">
    <ignored/>
  </testcase> <!-- SearchOperation -->
  <testcase classname="Test.NCDR" name="VerifyandACCESS" time="0.0">
    <ignored/>
  </testcase> <!-- VerifyandACCESS -->
</testsuite> <!-- Test3 -->
