<?xml version="1.0" encoding="UTF-8"?>
<!-- Generated by org.testng.reporters.JUnitXMLReporter -->
<testsuite ignored="2" hostname="LP003536" failures="0" tests="1" name="Test3" time="101.14" errors="0" timestamp="2023-09-13T13:58:51 IST">
  <testcase classname="Test.NCDR" name="Verify_NCDR_AboutNCDR" time="23.836"/>
  <testcase classname="Test.NCDR" name="SearchOperation" time="0.0">
    <ignored/>
  </testcase> <!-- SearchOperation -->
  <testcase classname="Test.NCDR" name="VerifyandACCESS" time="0.0">
    <ignored/>
  </testcase> <!-- VerifyandACCESS -->
</testsuite> <!-- Test3 -->
